2024-01-17 00:39:50,141 [background-preinit]  - o.h.v.i.u.Version - INFO [21] : HV000001: Hibernate Validator 6.2.0.Final
2024-01-17 00:39:50,159 [main]  - v.c.t.a.j.a.ApiApplication - INFO [55] : Starting ApiApplication using Java 18.0.2 on DESKTOP-LNJQEMN with PID 22352 (D:\Core\awesome-job-api\target\classes started by DPC in D:\Core\awesome-job-api)
2024-01-17 00:39:50,161 [main]  - v.c.t.a.j.a.ApiApplication - INFO [659] : No active profile set, falling back to default profiles: default
2024-01-17 00:39:50,456 [main]  - o.s.d.r.c.RepositoryConfigurationDelegate - INFO [132] : Bootstrapping Spring Data JPA repositories in DEFAULT mode.
2024-01-17 00:39:50,462 [main]  - o.s.d.r.c.RepositoryConfigurationDelegate - INFO [201] : Finished Spring Data repository scanning in 2 ms. Found 0 JPA repository interfaces.
2024-01-17 00:39:50,648 [main]  - o.s.c.c.s.GenericScope - INFO [283] : BeanFactory id=ce92254b-a59b-3b49-9080-c6506f29e170
2024-01-17 00:39:50,773 [main]  - o.s.c.s.PostProcessorRegistrationDelegate$BeanPostProcessorChecker - INFO [376] : Bean 'org.springframework.cloud.client.loadbalancer.reactive.LoadBalancerBeanPostProcessorAutoConfiguration' of type [org.springframework.cloud.client.loadbalancer.reactive.LoadBalancerBeanPostProcessorAutoConfiguration] is not eligible for getting processed by all BeanPostProcessors (for example: not eligible for auto-proxying)
2024-01-17 00:39:50,774 [main]  - o.s.c.s.PostProcessorRegistrationDelegate$BeanPostProcessorChecker - INFO [376] : Bean 'org.springframework.cloud.client.loadbalancer.reactive.LoadBalancerBeanPostProcessorAutoConfiguration$ReactorDeferringLoadBalancerFilterConfig' of type [org.springframework.cloud.client.loadbalancer.reactive.LoadBalancerBeanPostProcessorAutoConfiguration$ReactorDeferringLoadBalancerFilterConfig] is not eligible for getting processed by all BeanPostProcessors (for example: not eligible for auto-proxying)
2024-01-17 00:39:50,774 [main]  - o.s.c.s.PostProcessorRegistrationDelegate$BeanPostProcessorChecker - INFO [376] : Bean 'reactorDeferringLoadBalancerExchangeFilterFunction' of type [org.springframework.cloud.client.loadbalancer.reactive.DeferringLoadBalancerExchangeFilterFunction] is not eligible for getting processed by all BeanPostProcessors (for example: not eligible for auto-proxying)
2024-01-17 00:39:50,882 [main]  - o.s.b.w.e.t.TomcatWebServer - INFO [108] : Tomcat initialized with port(s): 8081 (http)
2024-01-17 00:39:50,887 [main]  - o.a.c.h.Http11NioProtocol - INFO [173] : Initializing ProtocolHandler ["http-nio-8081"]
2024-01-17 00:39:50,887 [main]  - o.a.c.c.StandardService - INFO [173] : Starting service [Tomcat]
2024-01-17 00:39:50,887 [main]  - o.a.c.c.StandardEngine - INFO [173] : Starting Servlet engine: [Apache Tomcat/9.0.53]
2024-01-17 00:39:50,940 [main]  - o.a.c.c.C.[.[.[/api] - INFO [173] : Initializing Spring embedded WebApplicationContext
2024-01-17 00:39:50,940 [main]  - o.s.b.w.s.c.ServletWebServerApplicationContext - INFO [290] : Root WebApplicationContext: initialization completed in 760 ms
2024-01-17 00:39:51,020 [main]  - o.h.j.i.u.LogHelper - INFO [31] : HHH000204: Processing PersistenceUnitInfo [name: default]
2024-01-17 00:39:51,053 [main]  - o.h.Version - INFO [44] : HHH000412: Hibernate ORM core version 5.4.32.Final
2024-01-17 00:39:51,123 [main]  - o.h.a.c.Version - INFO [56] : HCANN000001: Hibernate Commons Annotations {5.1.2.Final}
2024-01-17 00:39:51,181 [main]  - c.z.h.HikariDataSource - INFO [110] : HikariPool-1 - Starting...
2024-01-17 00:39:51,317 [main]  - c.z.h.HikariDataSource - INFO [123] : HikariPool-1 - Start completed.
2024-01-17 00:39:51,334 [main]  - o.h.d.Dialect - INFO [175] : HHH000400: Using dialect: org.hibernate.dialect.PostgreSQL10Dialect
2024-01-17 00:39:51,414 [main]  - Hibernate Types - INFO [298] : This framework is proudly powered by:

>>>>>>>>>>>>>>>>>>>>>>>>>>>>>>>>>>>>>>>>>>>>>>>>>>>>>>>>>>>>>>>>
 _    _                           _     _
| |  | |                         (_)   | |
| |__| |_   _ _ __   ___ _ __ ___ _ ___| |_ ___ _ __   ___ ___
|  __  | | | | '_ \ / _ \ '__/ __| / __| __/ _ \ '_ \ / __/ _ \
| |  | | |_| | |_) |  __/ |  \__ \ \__ \ ||  __/ | | | (_|  __/
|_|  |_|\__, | .__/ \___|_|  |___/_|___/\__\___|_| |_|\___\___|
         __/ | |
        |___/|_|

At Hypersistence, we only build amazing tools, like Hibernate Types, Flexy Pool, or Hypersistence Optimizer.

What if there were a tool that could automatically detect JPA and Hibernate performance issues?

Hypersistence Optimizer is that tool! For more details, go to: 

https://vladmihalcea.com/hypersistence-optimizer/
<<<<<<<<<<<<<<<<<<<<<<<<<<<<<<<<<<<<<<<<<<<<<<<<<<<<<<<<<<<<<<<<

2024-01-17 00:39:51,507 [main]  - o.h.e.t.j.p.i.JtaPlatformInitiator - INFO [52] : HHH000490: Using JtaPlatform implementation: [org.hibernate.engine.transaction.jta.platform.internal.NoJtaPlatform]
2024-01-17 00:39:51,512 [main]  - o.s.o.j.LocalContainerEntityManagerFactoryBean - INFO [437] : Initialized JPA EntityManagerFactory for persistence unit 'default'
2024-01-17 00:39:51,669 [main]  - o.s.b.a.o.j.JpaBaseConfiguration$JpaWebConfiguration - WARN [219] : spring.jpa.open-in-view is enabled by default. Therefore, database queries may be performed during view rendering. Explicitly configure spring.jpa.open-in-view to disable this warning
2024-01-17 00:39:51,924 [main]  - o.s.c.l.c.LoadBalancerCacheAutoConfiguration$LoadBalancerCaffeineWarnLogger - WARN [82] : Spring Cloud LoadBalancer is currently working with the default cache. You can switch to using Caffeine cache, by adding it and org.springframework.cache.caffeine.CaffeineCacheManager to the classpath.
2024-01-17 00:39:51,964 [main]  - o.a.c.h.Http11NioProtocol - INFO [173] : Starting ProtocolHandler ["http-nio-8081"]
2024-01-17 00:39:51,973 [main]  - o.s.b.w.e.t.TomcatWebServer - INFO [220] : Tomcat started on port(s): 8081 (http) with context path '/api'
2024-01-17 00:39:52,000 [main]  - v.c.t.a.j.a.ApiApplication - INFO [61] : Started ApiApplication in 2.172 seconds (JVM running for 2.589)
2024-01-17 00:39:56,941 [SpringApplicationShutdownHook]  - o.s.o.j.LocalContainerEntityManagerFactoryBean - INFO [651] : Closing JPA EntityManagerFactory for persistence unit 'default'
2024-01-17 00:39:56,942 [SpringApplicationShutdownHook]  - c.z.h.HikariDataSource - INFO [350] : HikariPool-1 - Shutdown initiated...
2024-01-17 00:39:56,943 [SpringApplicationShutdownHook]  - c.z.h.HikariDataSource - INFO [352] : HikariPool-1 - Shutdown completed.
