2024-01-17 00:30:29,545 [main]  - v.c.t.a.j.a.ApiApplication - INFO [55] : Starting ApiApplication using Java 18.0.2 on DESKTOP-LNJQEMN with PID 23948 (D:\Core\awesome-job-api\target\classes started by DPC in D:\Core\awesome-job-api)
2024-01-17 00:30:29,548 [main]  - v.c.t.a.j.a.ApiApplication - INFO [659] : No active profile set, falling back to default profiles: default
2024-01-17 00:30:29,737 [main]  - o.s.d.r.c.RepositoryConfigurationDelegate - INFO [132] : Bootstrapping Spring Data JPA repositories in DEFAULT mode.
2024-01-17 00:30:29,745 [main]  - o.s.d.r.c.RepositoryConfigurationDelegate - INFO [201] : Finished Spring Data repository scanning in 3 ms. Found 0 JPA repository interfaces.
2024-01-17 00:30:30,055 [main]  - o.s.b.w.e.t.TomcatWebServer - INFO [108] : Tomcat initialized with port(s): 8081 (http)
2024-01-17 00:30:30,071 [main]  - o.a.c.h.Http11NioProtocol - INFO [173] : Initializing ProtocolHandler ["http-nio-8081"]
2024-01-17 00:30:30,071 [main]  - o.a.c.c.StandardService - INFO [173] : Starting service [Tomcat]
2024-01-17 00:30:30,071 [main]  - o.a.c.c.StandardEngine - INFO [173] : Starting Servlet engine: [Apache Tomcat/9.0.53]
2024-01-17 00:30:30,109 [main]  - o.a.c.c.C.[.[.[/api] - INFO [173] : Initializing Spring embedded WebApplicationContext
2024-01-17 00:30:30,110 [main]  - o.s.b.w.s.c.ServletWebServerApplicationContext - INFO [290] : Root WebApplicationContext: initialization completed in 544 ms
2024-01-17 00:30:30,180 [main]  - o.h.j.i.u.LogHelper - INFO [31] : HHH000204: Processing PersistenceUnitInfo [name: default]
2024-01-17 00:30:30,205 [main]  - o.h.Version - INFO [44] : HHH000412: Hibernate ORM core version 5.4.32.Final
2024-01-17 00:30:30,268 [main]  - o.h.a.c.Version - INFO [56] : HCANN000001: Hibernate Commons Annotations {5.1.2.Final}
2024-01-17 00:30:30,321 [main]  - c.z.h.HikariDataSource - INFO [110] : HikariPool-1 - Starting...
2024-01-17 00:30:30,411 [main]  - c.z.h.HikariDataSource - INFO [123] : HikariPool-1 - Start completed.
2024-01-17 00:30:30,426 [main]  - o.h.d.Dialect - INFO [175] : HHH000400: Using dialect: org.hibernate.dialect.PostgreSQL10Dialect
2024-01-17 00:30:30,527 [main]  - Hibernate Types - INFO [298] : This framework is proudly powered by:

>>>>>>>>>>>>>>>>>>>>>>>>>>>>>>>>>>>>>>>>>>>>>>>>>>>>>>>>>>>>>>>>
 _    _                           _     _
| |  | |                         (_)   | |
| |__| |_   _ _ __   ___ _ __ ___ _ ___| |_ ___ _ __   ___ ___
|  __  | | | | '_ \ / _ \ '__/ __| / __| __/ _ \ '_ \ / __/ _ \
| |  | | |_| | |_) |  __/ |  \__ \ \__ \ ||  __/ | | | (_|  __/
|_|  |_|\__, | .__/ \___|_|  |___/_|___/\__\___|_| |_|\___\___|
         __/ | |
        |___/|_|

At Hypersistence, we only build amazing tools, like Hibernate Types, Flexy Pool, or Hypersistence Optimizer.

What if there were a tool that could automatically detect JPA and Hibernate performance issues?

Hypersistence Optimizer is that tool! For more details, go to: 

https://vladmihalcea.com/hypersistence-optimizer/
<<<<<<<<<<<<<<<<<<<<<<<<<<<<<<<<<<<<<<<<<<<<<<<<<<<<<<<<<<<<<<<<

2024-01-17 00:30:30,612 [main]  - o.h.e.t.j.p.i.JtaPlatformInitiator - INFO [52] : HHH000490: Using JtaPlatform implementation: [org.hibernate.engine.transaction.jta.platform.internal.NoJtaPlatform]
2024-01-17 00:30:30,617 [main]  - o.s.o.j.LocalContainerEntityManagerFactoryBean - INFO [437] : Initialized JPA EntityManagerFactory for persistence unit 'default'
2024-01-17 00:30:30,752 [main]  - o.s.b.w.s.c.AnnotationConfigServletWebServerApplicationContext - WARN [591] : Exception encountered during context initialization - cancelling refresh attempt: org.springframework.beans.factory.BeanCreationException: Error creating bean with name 'jpaAuditingHandler': Cannot create inner bean '(inner bean)#103478b8' of type [org.springframework.aop.framework.ProxyFactoryBean] while setting bean property 'auditorAware'; nested exception is org.springframework.beans.factory.BeanCreationException: Error creating bean with name '(inner bean)#103478b8': Initialization of bean failed; nested exception is org.springframework.beans.factory.NoSuchBeanDefinitionException: No bean named 'springSecurityAuditorAware' available
2024-01-17 00:30:30,754 [main]  - o.s.o.j.LocalContainerEntityManagerFactoryBean - INFO [651] : Closing JPA EntityManagerFactory for persistence unit 'default'
2024-01-17 00:30:30,756 [main]  - c.z.h.HikariDataSource - INFO [350] : HikariPool-1 - Shutdown initiated...
2024-01-17 00:30:30,772 [main]  - c.z.h.HikariDataSource - INFO [352] : HikariPool-1 - Shutdown completed.
2024-01-17 00:30:30,774 [main]  - o.a.c.c.StandardService - INFO [173] : Stopping service [Tomcat]
2024-01-17 00:30:30,780 [main]  - o.s.b.a.l.ConditionEvaluationReportLoggingListener - INFO [136] : 

Error starting ApplicationContext. To display the conditions report re-run your application with 'debug' enabled.
2024-01-17 00:30:30,788 [main]  - o.s.b.d.LoggingFailureAnalysisReporter - ERROR[40] : 

***************************
APPLICATION FAILED TO START
***************************

Description:

A component required a bean named 'springSecurityAuditorAware' that could not be found.


Action:

Consider defining a bean named 'springSecurityAuditorAware' in your configuration.

