2024-01-17 00:18:17,557 [main]  - v.c.t.a.j.a.ApiApplication - INFO [55] : Starting ApiApplication using Java 18.0.2 on DESKTOP-LNJQEMN with PID 1428 (D:\Core\awesome-job-api\target\classes started by DPC in D:\Core\awesome-job-api)
2024-01-17 00:18:17,561 [main]  - v.c.t.a.j.a.ApiApplication - INFO [659] : No active profile set, falling back to default profiles: default
2024-01-17 00:18:17,799 [main]  - o.s.d.r.c.RepositoryConfigurationDelegate - INFO [132] : Bootstrapping Spring Data JPA repositories in DEFAULT mode.
2024-01-17 00:18:17,806 [main]  - o.s.d.r.c.RepositoryConfigurationDelegate - INFO [201] : Finished Spring Data repository scanning in 2 ms. Found 0 JPA repository interfaces.
2024-01-17 00:18:18,036 [main]  - o.s.b.w.e.t.TomcatWebServer - INFO [108] : Tomcat initialized with port(s): 8081 (http)
2024-01-17 00:18:18,042 [main]  - o.a.c.h.Http11NioProtocol - INFO [173] : Initializing ProtocolHandler ["http-nio-8081"]
2024-01-17 00:18:18,043 [main]  - o.a.c.c.StandardService - INFO [173] : Starting service [Tomcat]
2024-01-17 00:18:18,043 [main]  - o.a.c.c.StandardEngine - INFO [173] : Starting Servlet engine: [Apache Tomcat/9.0.53]
2024-01-17 00:18:18,081 [main]  - o.a.c.c.C.[.[.[/api] - INFO [173] : Initializing Spring embedded WebApplicationContext
2024-01-17 00:18:18,081 [main]  - o.s.b.w.s.c.ServletWebServerApplicationContext - INFO [290] : Root WebApplicationContext: initialization completed in 503 ms
2024-01-17 00:18:18,144 [main]  - o.h.j.i.u.LogHelper - INFO [31] : HHH000204: Processing PersistenceUnitInfo [name: default]
2024-01-17 00:18:18,167 [main]  - o.h.Version - INFO [44] : HHH000412: Hibernate ORM core version 5.4.32.Final
2024-01-17 00:18:18,227 [main]  - o.h.a.c.Version - INFO [56] : HCANN000001: Hibernate Commons Annotations {5.1.2.Final}
2024-01-17 00:18:18,274 [main]  - c.z.h.HikariDataSource - INFO [110] : HikariPool-1 - Starting...
2024-01-17 00:18:18,363 [main]  - c.z.h.HikariDataSource - INFO [123] : HikariPool-1 - Start completed.
2024-01-17 00:18:18,378 [main]  - o.h.d.Dialect - INFO [175] : HHH000400: Using dialect: org.hibernate.dialect.PostgreSQL10Dialect
2024-01-17 00:18:18,446 [main]  - Hibernate Types - INFO [298] : This framework is proudly powered by:

>>>>>>>>>>>>>>>>>>>>>>>>>>>>>>>>>>>>>>>>>>>>>>>>>>>>>>>>>>>>>>>>
 _    _                           _     _
| |  | |                         (_)   | |
| |__| |_   _ _ __   ___ _ __ ___ _ ___| |_ ___ _ __   ___ ___
|  __  | | | | '_ \ / _ \ '__/ __| / __| __/ _ \ '_ \ / __/ _ \
| |  | | |_| | |_) |  __/ |  \__ \ \__ \ ||  __/ | | | (_|  __/
|_|  |_|\__, | .__/ \___|_|  |___/_|___/\__\___|_| |_|\___\___|
         __/ | |
        |___/|_|

At Hypersistence, we only build amazing tools, like Hibernate Types, Flexy Pool, or Hypersistence Optimizer.

What if there were a tool that could automatically detect JPA and Hibernate performance issues?

Hypersistence Optimizer is that tool! For more details, go to: 

https://vladmihalcea.com/hypersistence-optimizer/
<<<<<<<<<<<<<<<<<<<<<<<<<<<<<<<<<<<<<<<<<<<<<<<<<<<<<<<<<<<<<<<<

2024-01-17 00:18:18,545 [main]  - o.h.e.t.j.p.i.JtaPlatformInitiator - INFO [52] : HHH000490: Using JtaPlatform implementation: [org.hibernate.engine.transaction.jta.platform.internal.NoJtaPlatform]
2024-01-17 00:18:18,551 [main]  - o.s.o.j.LocalContainerEntityManagerFactoryBean - INFO [437] : Initialized JPA EntityManagerFactory for persistence unit 'default'
2024-01-17 00:18:18,582 [main]  - o.s.b.a.o.j.JpaBaseConfiguration$JpaWebConfiguration - WARN [219] : spring.jpa.open-in-view is enabled by default. Therefore, database queries may be performed during view rendering. Explicitly configure spring.jpa.open-in-view to disable this warning
2024-01-17 00:18:18,745 [main]  - o.a.c.h.Http11NioProtocol - INFO [173] : Starting ProtocolHandler ["http-nio-8081"]
2024-01-17 00:18:18,756 [main]  - o.s.b.w.e.t.TomcatWebServer - INFO [220] : Tomcat started on port(s): 8081 (http) with context path '/api'
2024-01-17 00:18:18,761 [main]  - v.c.t.a.j.a.ApiApplication - INFO [61] : Started ApiApplication in 1.497 seconds (JVM running for 1.935)
2024-01-17 00:18:32,446 [SpringApplicationShutdownHook]  - o.s.o.j.LocalContainerEntityManagerFactoryBean - INFO [651] : Closing JPA EntityManagerFactory for persistence unit 'default'
2024-01-17 00:18:32,447 [SpringApplicationShutdownHook]  - c.z.h.HikariDataSource - INFO [350] : HikariPool-1 - Shutdown initiated...
2024-01-17 00:18:32,449 [SpringApplicationShutdownHook]  - c.z.h.HikariDataSource - INFO [352] : HikariPool-1 - Shutdown completed.
